<?xml version="1.0" encoding="UTF-8"?>
<!-- Generated by org.testng.reporters.JUnitReportReporter -->
<testsuite skipped="0" hostname="LAPTOP-P9U8PG08" name="com.cucumber.framework.runner.IMDb.Question_1" tests="2" failures="0" timestamp="11 Apr 2020 04:25:43 GMT" time="331.333" errors="0">
  <testcase name="feature" time="197.322" classname="com.cucumber.framework.runner.IMDb.Question_1"/>
  <testcase name="feature" time="134.011" classname="com.cucumber.framework.runner.IMDb.Question_1"/>
</testsuite> <!-- com.cucumber.framework.runner.IMDb.Question_1 -->
