<?xml version="1.0" encoding="UTF-8"?>
<!-- Generated by org.testng.reporters.JUnitReportReporter -->
<testsuite skipped="0" hostname="LAPTOP-P9U8PG08" name="com.cucumber.framework.runner.IMDb.Question_2" tests="1" failures="0" timestamp="09 Jul 2020 07:54:06 GMT" time="144.513" errors="0">
  <testcase name="feature" time="144.513" classname="com.cucumber.framework.runner.IMDb.Question_2"/>
</testsuite> <!-- com.cucumber.framework.runner.IMDb.Question_2 -->
