<?xml version="1.0" encoding="UTF-8"?>
<!-- Generated by org.testng.reporters.JUnitReportReporter -->
<testsuite skipped="0" hostname="LAPTOP-P9U8PG08" name="com.cucumber.framework.runner.IMDb.Question_1" tests="2" failures="0" timestamp="10 Apr 2020 08:01:09 GMT" time="404.389" errors="0">
  <testcase name="feature" time="260.517" classname="com.cucumber.framework.runner.IMDb.Question_1"/>
  <testcase name="feature" time="143.872" classname="com.cucumber.framework.runner.IMDb.Question_1"/>
</testsuite> <!-- com.cucumber.framework.runner.IMDb.Question_1 -->
