<?xml version="1.0" encoding="UTF-8"?>
<!-- Generated by org.testng.reporters.JUnitReportReporter -->
<testsuite skipped="0" hostname="LAPTOP-P9U8PG08" name="com.cucumber.framework.runner.Infotech_HR.failedscenario" tests="2" failures="0" timestamp="21 Jul 2019 14:31:26 GMT" time="411.860" errors="0">
  <testcase name="feature" time="209.472" classname="com.cucumber.framework.runner.Infotech_HR.failedscenario"/>
  <testcase name="feature" time="202.388" classname="com.cucumber.framework.runner.Infotech_HR.failedscenario"/>
</testsuite> <!-- com.cucumber.framework.runner.Infotech_HR.failedscenario -->
